Determining if the pthread_create exist failed with the following output:
Change Dir: /home/leo/cg_assignment1/part3/build/CMakeFiles/CMakeTmp

Run Build Command:"/usr/bin/make" "cmTC_43eab/fast"
/usr/bin/make -f CMakeFiles/cmTC_43eab.dir/build.make CMakeFiles/cmTC_43eab.dir/build
make[1]: Entering directory '/home/leo/cg_assignment1/part3/build/CMakeFiles/CMakeTmp'
Building C object CMakeFiles/cmTC_43eab.dir/CheckSymbolExists.c.o
/usr/bin/cc    -o CMakeFiles/cmTC_43eab.dir/CheckSymbolExists.c.o   -c /home/leo/cg_assignment1/part3/build/CMakeFiles/CMakeTmp/CheckSymbolExists.c
Linking C executable cmTC_43eab
/usr/bin/cmake -E cmake_link_script CMakeFiles/cmTC_43eab.dir/link.txt --verbose=1
/usr/bin/cc      -rdynamic CMakeFiles/cmTC_43eab.dir/CheckSymbolExists.c.o  -o cmTC_43eab 
CMakeFiles/cmTC_43eab.dir/CheckSymbolExists.c.o: In function `main':
CheckSymbolExists.c:(.text+0x1b): undefined reference to `pthread_create'
collect2: error: ld returned 1 exit status
CMakeFiles/cmTC_43eab.dir/build.make:97: recipe for target 'cmTC_43eab' failed
make[1]: *** [cmTC_43eab] Error 1
make[1]: Leaving directory '/home/leo/cg_assignment1/part3/build/CMakeFiles/CMakeTmp'
Makefile:126: recipe for target 'cmTC_43eab/fast' failed
make: *** [cmTC_43eab/fast] Error 2

File /home/leo/cg_assignment1/part3/build/CMakeFiles/CMakeTmp/CheckSymbolExists.c:
/* */
#include <pthread.h>

int main(int argc, char** argv)
{
  (void)argv;
#ifndef pthread_create
  return ((int*)(&pthread_create))[argc];
#else
  (void)argc;
  return 0;
#endif
}

Determining if the function pthread_create exists in the pthreads failed with the following output:
Change Dir: /home/leo/cg_assignment1/part3/build/CMakeFiles/CMakeTmp

Run Build Command:"/usr/bin/make" "cmTC_b3e2c/fast"
/usr/bin/make -f CMakeFiles/cmTC_b3e2c.dir/build.make CMakeFiles/cmTC_b3e2c.dir/build
make[1]: Entering directory '/home/leo/cg_assignment1/part3/build/CMakeFiles/CMakeTmp'
Building C object CMakeFiles/cmTC_b3e2c.dir/CheckFunctionExists.c.o
/usr/bin/cc   -DCHECK_FUNCTION_EXISTS=pthread_create   -o CMakeFiles/cmTC_b3e2c.dir/CheckFunctionExists.c.o   -c /usr/share/cmake-3.10/Modules/CheckFunctionExists.c
Linking C executable cmTC_b3e2c
/usr/bin/cmake -E cmake_link_script CMakeFiles/cmTC_b3e2c.dir/link.txt --verbose=1
/usr/bin/cc  -DCHECK_FUNCTION_EXISTS=pthread_create    -rdynamic CMakeFiles/cmTC_b3e2c.dir/CheckFunctionExists.c.o  -o cmTC_b3e2c -lpthreads 
/usr/bin/ld: cannot find -lpthreads
collect2: error: ld returned 1 exit status
CMakeFiles/cmTC_b3e2c.dir/build.make:97: recipe for target 'cmTC_b3e2c' failed
make[1]: *** [cmTC_b3e2c] Error 1
make[1]: Leaving directory '/home/leo/cg_assignment1/part3/build/CMakeFiles/CMakeTmp'
Makefile:126: recipe for target 'cmTC_b3e2c/fast' failed
make: *** [cmTC_b3e2c/fast] Error 2


Determining if the function glXGetProcAddressEXT exists failed with the following output:
Change Dir: /home/leo/cg_assignment1/part3/build/CMakeFiles/CMakeTmp

Run Build Command:"/usr/bin/make" "cmTC_82d74/fast"
/usr/bin/make -f CMakeFiles/cmTC_82d74.dir/build.make CMakeFiles/cmTC_82d74.dir/build
make[1]: Entering directory '/home/leo/cg_assignment1/part3/build/CMakeFiles/CMakeTmp'
Building C object CMakeFiles/cmTC_82d74.dir/CheckFunctionExists.c.o
/usr/bin/cc   -DCHECK_FUNCTION_EXISTS=glXGetProcAddressEXT   -o CMakeFiles/cmTC_82d74.dir/CheckFunctionExists.c.o   -c /usr/share/cmake-3.10/Modules/CheckFunctionExists.c
Linking C executable cmTC_82d74
/usr/bin/cmake -E cmake_link_script CMakeFiles/cmTC_82d74.dir/link.txt --verbose=1
/usr/bin/cc  -DCHECK_FUNCTION_EXISTS=glXGetProcAddressEXT    -rdynamic CMakeFiles/cmTC_82d74.dir/CheckFunctionExists.c.o  -o cmTC_82d74 /usr/lib/x86_64-linux-gnu/libGL.so 
CMakeFiles/cmTC_82d74.dir/CheckFunctionExists.c.o: In function `main':
CheckFunctionExists.c:(.text+0x10): undefined reference to `glXGetProcAddressEXT'
collect2: error: ld returned 1 exit status
CMakeFiles/cmTC_82d74.dir/build.make:98: recipe for target 'cmTC_82d74' failed
make[1]: *** [cmTC_82d74] Error 1
make[1]: Leaving directory '/home/leo/cg_assignment1/part3/build/CMakeFiles/CMakeTmp'
Makefile:126: recipe for target 'cmTC_82d74/fast' failed
make: *** [cmTC_82d74/fast] Error 2


