Determining if the pthread_create exist failed with the following output:
Change Dir: /home/leo/cg_assignment1/part2/build/CMakeFiles/CMakeTmp

Run Build Command:"/usr/bin/make" "cmTC_04b68/fast"
/usr/bin/make -f CMakeFiles/cmTC_04b68.dir/build.make CMakeFiles/cmTC_04b68.dir/build
make[1]: Entering directory '/home/leo/cg_assignment1/part2/build/CMakeFiles/CMakeTmp'
Building C object CMakeFiles/cmTC_04b68.dir/CheckSymbolExists.c.o
/usr/bin/cc    -o CMakeFiles/cmTC_04b68.dir/CheckSymbolExists.c.o   -c /home/leo/cg_assignment1/part2/build/CMakeFiles/CMakeTmp/CheckSymbolExists.c
Linking C executable cmTC_04b68
/usr/bin/cmake -E cmake_link_script CMakeFiles/cmTC_04b68.dir/link.txt --verbose=1
/usr/bin/cc      -rdynamic CMakeFiles/cmTC_04b68.dir/CheckSymbolExists.c.o  -o cmTC_04b68 
CMakeFiles/cmTC_04b68.dir/CheckSymbolExists.c.o: In function `main':
CheckSymbolExists.c:(.text+0x1b): undefined reference to `pthread_create'
collect2: error: ld returned 1 exit status
CMakeFiles/cmTC_04b68.dir/build.make:97: recipe for target 'cmTC_04b68' failed
make[1]: *** [cmTC_04b68] Error 1
make[1]: Leaving directory '/home/leo/cg_assignment1/part2/build/CMakeFiles/CMakeTmp'
Makefile:126: recipe for target 'cmTC_04b68/fast' failed
make: *** [cmTC_04b68/fast] Error 2

File /home/leo/cg_assignment1/part2/build/CMakeFiles/CMakeTmp/CheckSymbolExists.c:
/* */
#include <pthread.h>

int main(int argc, char** argv)
{
  (void)argv;
#ifndef pthread_create
  return ((int*)(&pthread_create))[argc];
#else
  (void)argc;
  return 0;
#endif
}

Determining if the function pthread_create exists in the pthreads failed with the following output:
Change Dir: /home/leo/cg_assignment1/part2/build/CMakeFiles/CMakeTmp

Run Build Command:"/usr/bin/make" "cmTC_c3d18/fast"
/usr/bin/make -f CMakeFiles/cmTC_c3d18.dir/build.make CMakeFiles/cmTC_c3d18.dir/build
make[1]: Entering directory '/home/leo/cg_assignment1/part2/build/CMakeFiles/CMakeTmp'
Building C object CMakeFiles/cmTC_c3d18.dir/CheckFunctionExists.c.o
/usr/bin/cc   -DCHECK_FUNCTION_EXISTS=pthread_create   -o CMakeFiles/cmTC_c3d18.dir/CheckFunctionExists.c.o   -c /usr/share/cmake-3.10/Modules/CheckFunctionExists.c
Linking C executable cmTC_c3d18
/usr/bin/cmake -E cmake_link_script CMakeFiles/cmTC_c3d18.dir/link.txt --verbose=1
/usr/bin/cc  -DCHECK_FUNCTION_EXISTS=pthread_create    -rdynamic CMakeFiles/cmTC_c3d18.dir/CheckFunctionExists.c.o  -o cmTC_c3d18 -lpthreads 
/usr/bin/ld: cannot find -lpthreads
collect2: error: ld returned 1 exit status
CMakeFiles/cmTC_c3d18.dir/build.make:97: recipe for target 'cmTC_c3d18' failed
make[1]: *** [cmTC_c3d18] Error 1
make[1]: Leaving directory '/home/leo/cg_assignment1/part2/build/CMakeFiles/CMakeTmp'
Makefile:126: recipe for target 'cmTC_c3d18/fast' failed
make: *** [cmTC_c3d18/fast] Error 2


Determining if the function glXGetProcAddressEXT exists failed with the following output:
Change Dir: /home/leo/cg_assignment1/part2/build/CMakeFiles/CMakeTmp

Run Build Command:"/usr/bin/make" "cmTC_0989a/fast"
/usr/bin/make -f CMakeFiles/cmTC_0989a.dir/build.make CMakeFiles/cmTC_0989a.dir/build
make[1]: Entering directory '/home/leo/cg_assignment1/part2/build/CMakeFiles/CMakeTmp'
Building C object CMakeFiles/cmTC_0989a.dir/CheckFunctionExists.c.o
/usr/bin/cc   -DCHECK_FUNCTION_EXISTS=glXGetProcAddressEXT   -o CMakeFiles/cmTC_0989a.dir/CheckFunctionExists.c.o   -c /usr/share/cmake-3.10/Modules/CheckFunctionExists.c
Linking C executable cmTC_0989a
/usr/bin/cmake -E cmake_link_script CMakeFiles/cmTC_0989a.dir/link.txt --verbose=1
/usr/bin/cc  -DCHECK_FUNCTION_EXISTS=glXGetProcAddressEXT    -rdynamic CMakeFiles/cmTC_0989a.dir/CheckFunctionExists.c.o  -o cmTC_0989a /usr/lib/x86_64-linux-gnu/libGL.so 
CMakeFiles/cmTC_0989a.dir/CheckFunctionExists.c.o: In function `main':
CheckFunctionExists.c:(.text+0x10): undefined reference to `glXGetProcAddressEXT'
collect2: error: ld returned 1 exit status
CMakeFiles/cmTC_0989a.dir/build.make:98: recipe for target 'cmTC_0989a' failed
make[1]: *** [cmTC_0989a] Error 1
make[1]: Leaving directory '/home/leo/cg_assignment1/part2/build/CMakeFiles/CMakeTmp'
Makefile:126: recipe for target 'cmTC_0989a/fast' failed
make: *** [cmTC_0989a/fast] Error 2


