Determining if the pthread_create exist failed with the following output:
Change Dir: /home/leo/cg_assignment1/part1/build/CMakeFiles/CMakeTmp

Run Build Command:"/usr/bin/make" "cmTC_81756/fast"
/usr/bin/make -f CMakeFiles/cmTC_81756.dir/build.make CMakeFiles/cmTC_81756.dir/build
make[1]: Entering directory '/home/leo/cg_assignment1/part1/build/CMakeFiles/CMakeTmp'
Building C object CMakeFiles/cmTC_81756.dir/CheckSymbolExists.c.o
/usr/bin/cc    -o CMakeFiles/cmTC_81756.dir/CheckSymbolExists.c.o   -c /home/leo/cg_assignment1/part1/build/CMakeFiles/CMakeTmp/CheckSymbolExists.c
Linking C executable cmTC_81756
/usr/bin/cmake -E cmake_link_script CMakeFiles/cmTC_81756.dir/link.txt --verbose=1
/usr/bin/cc      -rdynamic CMakeFiles/cmTC_81756.dir/CheckSymbolExists.c.o  -o cmTC_81756 
CMakeFiles/cmTC_81756.dir/CheckSymbolExists.c.o: In function `main':
CheckSymbolExists.c:(.text+0x1b): undefined reference to `pthread_create'
collect2: error: ld returned 1 exit status
CMakeFiles/cmTC_81756.dir/build.make:97: recipe for target 'cmTC_81756' failed
make[1]: *** [cmTC_81756] Error 1
make[1]: Leaving directory '/home/leo/cg_assignment1/part1/build/CMakeFiles/CMakeTmp'
Makefile:126: recipe for target 'cmTC_81756/fast' failed
make: *** [cmTC_81756/fast] Error 2

File /home/leo/cg_assignment1/part1/build/CMakeFiles/CMakeTmp/CheckSymbolExists.c:
/* */
#include <pthread.h>

int main(int argc, char** argv)
{
  (void)argv;
#ifndef pthread_create
  return ((int*)(&pthread_create))[argc];
#else
  (void)argc;
  return 0;
#endif
}

Determining if the function pthread_create exists in the pthreads failed with the following output:
Change Dir: /home/leo/cg_assignment1/part1/build/CMakeFiles/CMakeTmp

Run Build Command:"/usr/bin/make" "cmTC_9a8a4/fast"
/usr/bin/make -f CMakeFiles/cmTC_9a8a4.dir/build.make CMakeFiles/cmTC_9a8a4.dir/build
make[1]: Entering directory '/home/leo/cg_assignment1/part1/build/CMakeFiles/CMakeTmp'
Building C object CMakeFiles/cmTC_9a8a4.dir/CheckFunctionExists.c.o
/usr/bin/cc   -DCHECK_FUNCTION_EXISTS=pthread_create   -o CMakeFiles/cmTC_9a8a4.dir/CheckFunctionExists.c.o   -c /usr/share/cmake-3.10/Modules/CheckFunctionExists.c
Linking C executable cmTC_9a8a4
/usr/bin/cmake -E cmake_link_script CMakeFiles/cmTC_9a8a4.dir/link.txt --verbose=1
/usr/bin/cc  -DCHECK_FUNCTION_EXISTS=pthread_create    -rdynamic CMakeFiles/cmTC_9a8a4.dir/CheckFunctionExists.c.o  -o cmTC_9a8a4 -lpthreads 
/usr/bin/ld: cannot find -lpthreads
collect2: error: ld returned 1 exit status
CMakeFiles/cmTC_9a8a4.dir/build.make:97: recipe for target 'cmTC_9a8a4' failed
make[1]: *** [cmTC_9a8a4] Error 1
make[1]: Leaving directory '/home/leo/cg_assignment1/part1/build/CMakeFiles/CMakeTmp'
Makefile:126: recipe for target 'cmTC_9a8a4/fast' failed
make: *** [cmTC_9a8a4/fast] Error 2


Determining if the function glXGetProcAddressEXT exists failed with the following output:
Change Dir: /home/leo/cg_assignment1/part1/build/CMakeFiles/CMakeTmp

Run Build Command:"/usr/bin/make" "cmTC_0ea46/fast"
/usr/bin/make -f CMakeFiles/cmTC_0ea46.dir/build.make CMakeFiles/cmTC_0ea46.dir/build
make[1]: Entering directory '/home/leo/cg_assignment1/part1/build/CMakeFiles/CMakeTmp'
Building C object CMakeFiles/cmTC_0ea46.dir/CheckFunctionExists.c.o
/usr/bin/cc   -DCHECK_FUNCTION_EXISTS=glXGetProcAddressEXT   -o CMakeFiles/cmTC_0ea46.dir/CheckFunctionExists.c.o   -c /usr/share/cmake-3.10/Modules/CheckFunctionExists.c
Linking C executable cmTC_0ea46
/usr/bin/cmake -E cmake_link_script CMakeFiles/cmTC_0ea46.dir/link.txt --verbose=1
/usr/bin/cc  -DCHECK_FUNCTION_EXISTS=glXGetProcAddressEXT    -rdynamic CMakeFiles/cmTC_0ea46.dir/CheckFunctionExists.c.o  -o cmTC_0ea46 /usr/lib/x86_64-linux-gnu/libGL.so 
CMakeFiles/cmTC_0ea46.dir/CheckFunctionExists.c.o: In function `main':
CheckFunctionExists.c:(.text+0x10): undefined reference to `glXGetProcAddressEXT'
collect2: error: ld returned 1 exit status
CMakeFiles/cmTC_0ea46.dir/build.make:98: recipe for target 'cmTC_0ea46' failed
make[1]: *** [cmTC_0ea46] Error 1
make[1]: Leaving directory '/home/leo/cg_assignment1/part1/build/CMakeFiles/CMakeTmp'
Makefile:126: recipe for target 'cmTC_0ea46/fast' failed
make: *** [cmTC_0ea46/fast] Error 2


